<?xml version="1.0" encoding="UTF-8"?>
<!-- Generated by org.testng.reporters.JUnitReportReporter -->
<testsuite hostname="DESKTOP-274K24M" failures="0" tests="1" name="com.automationpractice_userregis.User_Registration" time="18.180" errors="0" timestamp="2020-11-26T15:39:02 TRT" skipped="0">
  <testcase classname="com.automationpractice_userregis.User_Registration" name="userReg" time="18.180"/>
  <system-out/>
</testsuite> <!-- com.automationpractice_userregis.User_Registration -->
