<?xml version="1.0" encoding="UTF-8"?>
<!-- Generated by org.testng.reporters.JUnitReportReporter -->
<testsuite hostname="DESKTOP-274K24M" failures="0" tests="1" name="com.herokuapp.testleaf.Alert" time="13.153" errors="0" timestamp="2021-01-12T15:06:14 TRT" skipped="0">
  <testcase classname="com.herokuapp.testleaf.Alert" name="alert3" time="13.153"/>
  <system-out/>
</testsuite> <!-- com.herokuapp.testleaf.Alert -->
