<?xml version="1.0" encoding="UTF-8"?>
<!-- Generated by org.testng.reporters.JUnitReportReporter -->
<testsuite hostname="DESKTOP-274K24M" failures="0" tests="1" name="com.herokuapp.testleaf.RadioButton" time="15.335" errors="0" timestamp="2020-11-23T17:15:26 TRT" skipped="0">
  <testcase classname="com.herokuapp.testleaf.RadioButton" name="test1" time="15.335"/>
  <system-out/>
</testsuite> <!-- com.herokuapp.testleaf.RadioButton -->
