<?xml version="1.0" encoding="UTF-8"?>
<!-- Generated by org.testng.reporters.JUnitReportReporter -->
<testsuite hostname="DESKTOP-274K24M" failures="0" tests="1" name="com.herokuapp.the_internet.FileUpload" time="16.057" errors="0" timestamp="2020-11-30T14:44:54 TRT" skipped="0">
  <testcase classname="com.herokuapp.the_internet.FileUpload" name="fileUpload" time="16.057"/>
  <system-out/>
</testsuite> <!-- com.herokuapp.the_internet.FileUpload -->
