<?xml version="1.0" encoding="UTF-8"?>
<!-- Generated by org.testng.reporters.JUnitReportReporter -->
<testsuite hostname="DESKTOP-274K24M" failures="0" tests="1" name="com.automationpractice_userregis.User_Registration" time="23.366" errors="0" timestamp="2021-01-21T11:22:21 TRT" skipped="0">
  <testcase classname="com.automationpractice_userregis.User_Registration" name="userReg" time="23.366"/>
  <system-out/>
</testsuite> <!-- com.automationpractice_userregis.User_Registration -->
