<?xml version="1.0" encoding="UTF-8"?>
<!-- Generated by org.testng.reporters.JUnitReportReporter -->
<testsuite hostname="DESKTOP-274K24M" failures="0" tests="1" name="com.automationpractice.demos.WebDriverSwitchDemo" time="20.393" errors="0" timestamp="2021-01-11T17:07:10 TRT" skipped="0">
  <testcase classname="com.automationpractice.demos.WebDriverSwitchDemo" name="switchToIFrame" time="20.393"/>
  <system-out/>
</testsuite> <!-- com.automationpractice.demos.WebDriverSwitchDemo -->
