<?xml version="1.0" encoding="UTF-8"?>
<!-- Generated by org.testng.reporters.JUnitReportReporter -->
<testsuite hostname="DESKTOP-274K24M" failures="0" tests="1" name="com.automationpractice.login.LoginTest" time="16.545" errors="0" timestamp="2021-01-07T11:35:52 TRT" skipped="0">
  <testcase classname="com.automationpractice.login.LoginTest" name="login_invalid_email" time="16.545"/>
  <system-out/>
</testsuite> <!-- com.automationpractice.login.LoginTest -->
