<?xml version="1.0" encoding="UTF-8"?>
<!-- Generated by org.testng.reporters.JUnitReportReporter -->
<testsuite hostname="DESKTOP-274K24M" failures="0" tests="1" name="com.automationpractice.demos.WebDriverSwitchDemo" time="8.037" errors="0" timestamp="2020-11-12T17:32:54 TRT" skipped="0">
  <testcase classname="com.automationpractice.demos.WebDriverSwitchDemo" name="switchToIFrame" time="8.037"/>
  <system-out/>
</testsuite> <!-- com.automationpractice.demos.WebDriverSwitchDemo -->
