<?xml version="1.0" encoding="UTF-8"?>
<!-- Generated by org.testng.reporters.JUnitReportReporter -->
<testsuite hostname="DESKTOP-274K24M" failures="0" tests="2" name="com.automationpractice.demos.TestNGAnnotationsDemo" time="0.008" errors="0" timestamp="2021-01-21T11:21:28 TRT" skipped="0">
  <testcase classname="com.automationpractice.demos.TestNGAnnotationsDemo" name="test1" time="0.004"/>
  <system-out/>
  <testcase classname="com.automationpractice.demos.TestNGAnnotationsDemo" name="test2" time="0.004"/>
  <system-out/>
</testsuite> <!-- com.automationpractice.demos.TestNGAnnotationsDemo -->
