<?xml version="1.0" encoding="UTF-8"?>
<!-- Generated by org.testng.reporters.JUnitReportReporter -->
<testsuite hostname="DESKTOP-274K24M" failures="0" tests="1" name="com.herokuapp.the_internet.FileUpload" time="11.811" errors="0" timestamp="2021-01-22T14:34:15 TRT" skipped="0">
  <testcase classname="com.herokuapp.the_internet.FileUpload" name="fileUpload" time="11.811"/>
  <system-out/>
</testsuite> <!-- com.herokuapp.the_internet.FileUpload -->
