<?xml version="1.0" encoding="UTF-8"?>
<!-- Generated by org.testng.reporters.JUnitReportReporter -->
<testsuite hostname="DESKTOP-274K24M" failures="0" tests="1" name="com.automationpractice.demos.AssertDemo" time="0.011" errors="0" timestamp="2021-01-07T09:49:12 TRT" skipped="0">
  <testcase classname="com.automationpractice.demos.AssertDemo" name="test1" time="0.011"/>
  <system-out/>
</testsuite> <!-- com.automationpractice.demos.AssertDemo -->
