<?xml version="1.0" encoding="UTF-8"?>
<!-- Generated by org.testng.reporters.JUnitReportReporter -->
<testsuite hostname="DESKTOP-274K24M" failures="0" tests="1" name="com.herokuapp.testleaf.RadioButton" time="10.147" errors="0" timestamp="2021-01-08T14:12:23 TRT" skipped="0">
  <testcase classname="com.herokuapp.testleaf.RadioButton" name="test2" time="10.147"/>
  <system-out/>
</testsuite> <!-- com.herokuapp.testleaf.RadioButton -->
