<?xml version="1.0" encoding="UTF-8"?>
<!-- Generated by org.testng.reporters.JUnitReportReporter -->
<testsuite hostname="DESKTOP-274K24M" failures="0" tests="1" name="com.automationpractice.login.LoginTest" time="15.852" errors="0" timestamp="2021-01-07T11:54:06 TRT" skipped="0">
  <testcase classname="com.automationpractice.login.LoginTest" name="login_invalid_email" time="15.852"/>
  <system-out/>
</testsuite> <!-- com.automationpractice.login.LoginTest -->
